<?xml version="1.0" encoding="UTF-8"?>
<testng-results ignored="0" total="1" passed="1" failed="0" skipped="0">
  <reporter-output>
  </reporter-output>
  <suite started-at="2022-07-24T02:22:17 AST" name="Default suite" finished-at="2022-07-24T02:22:34 AST" duration-ms="16403">
    <groups>
    </groups>
    <test started-at="2022-07-24T02:22:17 AST" name="Default test" finished-at="2022-07-24T02:22:34 AST" duration-ms="16403">
      <class name="Ass5WebElement.chromWebDriver">
        <test-method signature="chrom()[pri:0, instance:Ass5WebElement.chromWebDriver@fdefd3f]" started-at="2022-07-24T02:22:18 AST" name="chrom" finished-at="2022-07-24T02:22:34 AST" duration-ms="16369" status="PASS">
          <reporter-output>
          </reporter-output>
        </test-method> <!-- chrom -->
      </class> <!-- Ass5WebElement.chromWebDriver -->
    </test> <!-- Default test -->
  </suite> <!-- Default suite -->
</testng-results>
